<?xml version="1.0" encoding="UTF-8"?>
<!-- Generated by org.testng.reporters.JUnitXMLReporter -->
<testsuite hostname="Gaurang-PC" name="Surefire test" tests="1" failures="0" timestamp="24 Apr 2018 17:23:08 GMT" time="0.037" errors="0">
  <testcase name="@BeforeMethod openBrowser" time="0.0" classname="JerkinNopCom.TestSuit">
    <failure type="java.lang.NoClassDefFoundError" message="org/openqa/selenium/ie/InternetExplorerDriver">
      <![CDATA[java.lang.NoClassDefFoundError: org/openqa/selenium/ie/InternetExplorerDriver
	at JerkinNopCom.BrowserSelector.selectBrowser(BrowserSelector.java:20)
	at JerkinNopCom.BaseTest.openBrowser(BaseTest.java:13)
	at org.apache.maven.surefire.testng.TestNGExecutor.run(TestNGExecutor.java:135)
	at org.apache.maven.surefire.testng.TestNGDirectoryTestSuite.executeSingleClass(TestNGDirectoryTestSuite.java:112)
	at org.apache.maven.surefire.testng.TestNGDirectoryTestSuite.execute(TestNGDirectoryTestSuite.java:99)
	at org.apache.maven.surefire.testng.TestNGProvider.invoke(TestNGProvider.java:146)
	at org.apache.maven.surefire.booter.ForkedBooter.invokeProviderInSameClassLoader(ForkedBooter.java:373)
	at org.apache.maven.surefire.booter.ForkedBooter.runSuitesInProcess(ForkedBooter.java:334)
	at org.apache.maven.surefire.booter.ForkedBooter.execute(ForkedBooter.java:119)
	at org.apache.maven.surefire.booter.ForkedBooter.main(ForkedBooter.java:407)
Caused by: java.lang.ClassNotFoundException: org.openqa.selenium.ie.InternetExplorerDriver
	at java.net.URLClassLoader.findClass(URLClassLoader.java:381)
	at java.lang.ClassLoader.loadClass(ClassLoader.java:424)
	at sun.misc.Launcher$AppClassLoader.loadClass(Launcher.java:338)
	at java.lang.ClassLoader.loadClass(ClassLoader.java:357)
	... 33 more
... Removed 23 stack frames]]>
    </failure>
  </testcase> <!-- @BeforeMethod openBrowser -->
  <testcase name="@AfterMethod closeBrowser" time="0.0" classname="JerkinNopCom.TestSuit">
    <skipped/>
  </testcase> <!-- @AfterMethod closeBrowser -->
  <testcase name="verifyUserShouldClickOnElectronics" time="0.0" classname="JerkinNopCom.TestSuit">
    <skipped/>
  </testcase> <!-- verifyUserShouldClickOnElectronics -->
</testsuite> <!-- Surefire test -->
